Determining if the pthread_create exist failed with the following output:
Change Dir: /home/keith/Desktop/landmark-fitting/build/CMakeFiles/CMakeTmp

Run Build Command:"/usr/bin/make" "cmTC_88a9b/fast"
/usr/bin/make -f CMakeFiles/cmTC_88a9b.dir/build.make CMakeFiles/cmTC_88a9b.dir/build
make[1]: 进入目录“/home/keith/Desktop/landmark-fitting/build/CMakeFiles/CMakeTmp”
Building C object CMakeFiles/cmTC_88a9b.dir/CheckSymbolExists.c.o
/usr/bin/cc    -o CMakeFiles/cmTC_88a9b.dir/CheckSymbolExists.c.o   -c /home/keith/Desktop/landmark-fitting/build/CMakeFiles/CMakeTmp/CheckSymbolExists.c
Linking C executable cmTC_88a9b
/usr/bin/cmake -E cmake_link_script CMakeFiles/cmTC_88a9b.dir/link.txt --verbose=1
/usr/bin/cc      -rdynamic CMakeFiles/cmTC_88a9b.dir/CheckSymbolExists.c.o  -o cmTC_88a9b 
CMakeFiles/cmTC_88a9b.dir/CheckSymbolExists.c.o：在函数‘main’中：
CheckSymbolExists.c:(.text+0x1b)：对‘pthread_create’未定义的引用
collect2: error: ld returned 1 exit status
CMakeFiles/cmTC_88a9b.dir/build.make:97: recipe for target 'cmTC_88a9b' failed
make[1]: *** [cmTC_88a9b] Error 1
make[1]: 离开目录“/home/keith/Desktop/landmark-fitting/build/CMakeFiles/CMakeTmp”
Makefile:126: recipe for target 'cmTC_88a9b/fast' failed
make: *** [cmTC_88a9b/fast] Error 2

File /home/keith/Desktop/landmark-fitting/build/CMakeFiles/CMakeTmp/CheckSymbolExists.c:
/* */
#include <pthread.h>

int main(int argc, char** argv)
{
  (void)argv;
#ifndef pthread_create
  return ((int*)(&pthread_create))[argc];
#else
  (void)argc;
  return 0;
#endif
}

Determining if the function pthread_create exists in the pthreads failed with the following output:
Change Dir: /home/keith/Desktop/landmark-fitting/build/CMakeFiles/CMakeTmp

Run Build Command:"/usr/bin/make" "cmTC_bc617/fast"
/usr/bin/make -f CMakeFiles/cmTC_bc617.dir/build.make CMakeFiles/cmTC_bc617.dir/build
make[1]: 进入目录“/home/keith/Desktop/landmark-fitting/build/CMakeFiles/CMakeTmp”
Building C object CMakeFiles/cmTC_bc617.dir/CheckFunctionExists.c.o
/usr/bin/cc   -DCHECK_FUNCTION_EXISTS=pthread_create   -o CMakeFiles/cmTC_bc617.dir/CheckFunctionExists.c.o   -c /usr/share/cmake-3.10/Modules/CheckFunctionExists.c
Linking C executable cmTC_bc617
/usr/bin/cmake -E cmake_link_script CMakeFiles/cmTC_bc617.dir/link.txt --verbose=1
/usr/bin/cc  -DCHECK_FUNCTION_EXISTS=pthread_create    -rdynamic CMakeFiles/cmTC_bc617.dir/CheckFunctionExists.c.o  -o cmTC_bc617 -lpthreads 
/usr/bin/ld: 找不到 -lpthreads
collect2: error: ld returned 1 exit status
CMakeFiles/cmTC_bc617.dir/build.make:97: recipe for target 'cmTC_bc617' failed
make[1]: *** [cmTC_bc617] Error 1
make[1]: 离开目录“/home/keith/Desktop/landmark-fitting/build/CMakeFiles/CMakeTmp”
Makefile:126: recipe for target 'cmTC_bc617/fast' failed
make: *** [cmTC_bc617/fast] Error 2


Determining if the function sgesv exists failed with the following output:
Change Dir: /home/keith/Desktop/landmark-fitting/build/CMakeFiles/CMakeTmp

Run Build Command:"/usr/bin/make" "cmTC_38f71/fast"
/usr/bin/make -f CMakeFiles/cmTC_38f71.dir/build.make CMakeFiles/cmTC_38f71.dir/build
make[1]: 进入目录“/home/keith/Desktop/landmark-fitting/build/CMakeFiles/CMakeTmp”
Building C object CMakeFiles/cmTC_38f71.dir/CheckFunctionExists.c.o
/usr/bin/cc   -DCHECK_FUNCTION_EXISTS=sgesv   -o CMakeFiles/cmTC_38f71.dir/CheckFunctionExists.c.o   -c /usr/share/cmake-3.10/Modules/CheckFunctionExists.c
Linking C executable cmTC_38f71
/usr/bin/cmake -E cmake_link_script CMakeFiles/cmTC_38f71.dir/link.txt --verbose=1
/usr/bin/cc  -DCHECK_FUNCTION_EXISTS=sgesv    -rdynamic CMakeFiles/cmTC_38f71.dir/CheckFunctionExists.c.o  -o cmTC_38f71 
CMakeFiles/cmTC_38f71.dir/CheckFunctionExists.c.o：在函数‘main’中：
CheckFunctionExists.c:(.text+0x10)：对‘sgesv’未定义的引用
collect2: error: ld returned 1 exit status
CMakeFiles/cmTC_38f71.dir/build.make:97: recipe for target 'cmTC_38f71' failed
make[1]: *** [cmTC_38f71] Error 1
make[1]: 离开目录“/home/keith/Desktop/landmark-fitting/build/CMakeFiles/CMakeTmp”
Makefile:126: recipe for target 'cmTC_38f71/fast' failed
make: *** [cmTC_38f71/fast] Error 2


Determining if the function sgesv_ exists failed with the following output:
Change Dir: /home/keith/Desktop/landmark-fitting/build/CMakeFiles/CMakeTmp

Run Build Command:"/usr/bin/make" "cmTC_24a30/fast"
/usr/bin/make -f CMakeFiles/cmTC_24a30.dir/build.make CMakeFiles/cmTC_24a30.dir/build
make[1]: 进入目录“/home/keith/Desktop/landmark-fitting/build/CMakeFiles/CMakeTmp”
Building C object CMakeFiles/cmTC_24a30.dir/CheckFunctionExists.c.o
/usr/bin/cc   -DCHECK_FUNCTION_EXISTS=sgesv_   -o CMakeFiles/cmTC_24a30.dir/CheckFunctionExists.c.o   -c /usr/share/cmake-3.10/Modules/CheckFunctionExists.c
Linking C executable cmTC_24a30
/usr/bin/cmake -E cmake_link_script CMakeFiles/cmTC_24a30.dir/link.txt --verbose=1
/usr/bin/cc  -DCHECK_FUNCTION_EXISTS=sgesv_    -rdynamic CMakeFiles/cmTC_24a30.dir/CheckFunctionExists.c.o  -o cmTC_24a30 
CMakeFiles/cmTC_24a30.dir/CheckFunctionExists.c.o：在函数‘main’中：
CheckFunctionExists.c:(.text+0x10)：对‘sgesv_’未定义的引用
collect2: error: ld returned 1 exit status
CMakeFiles/cmTC_24a30.dir/build.make:97: recipe for target 'cmTC_24a30' failed
make[1]: *** [cmTC_24a30] Error 1
make[1]: 离开目录“/home/keith/Desktop/landmark-fitting/build/CMakeFiles/CMakeTmp”
Makefile:126: recipe for target 'cmTC_24a30/fast' failed
make: *** [cmTC_24a30/fast] Error 2


